"../../../Engine/Content/Animation/DefaultAnimCurveCompressionSettings.uasset" 0
"../../../Engine/Content/Functions/Engine_MaterialFunctions01/Opacity/CameraDepthFade.uasset" 1
"../../../Engine/Content/EngineMaterials/T_Default_Material_Grid_M.uasset" 2
"../../../Engine/Content/EngineMaterials/T_Default_Material_Grid_N.uasset" 3
"../../../Engine/Content/EngineMaterials/WorldGridMaterial.uasset" 4
"../../../Engine/Content/ArtTools/RenderToTexture/Meshes/S_1_Unit_Plane.uasset" 5
"../../../Engine/Content/EngineMaterials/DefaultMaterial.uasset" 6
"../../../Engine/Content/BasicShapes/Cone.uasset" 7
"../../../Engine/Content/BasicShapes/Cylinder.uasset" 8
"../../../Engine/Content/BasicShapes/Plane.uasset" 9
"../../../Engine/Content/BasicShapes/Sphere.uasset" 10
"../../../Engine/Content/EngineMaterials/DefaultPhysicalMaterial.uasset" 11
"../../../Engine/Content/BufferVisualization/AmbientOcclusion.uasset" 12
"../../../Engine/Content/BufferVisualization/BaseColor.uasset" 13
"../../../Engine/Content/BufferVisualization/CustomDepth.uasset" 14
"../../../Engine/Content/Functions/Engine_MaterialFunctions02/Utility/VectorLength.uasset" 15
"../../../Engine/Content/BufferVisualization/CustomDepthWorldUnits.uasset" 16
"../../../Engine/Content/Functions/Engine_MaterialFunctions02/Utility/BreakOutFloat2Components.uasset" 17
"../../../Engine/Content/Functions/Engine_MaterialFunctions01/Texturing/ScaleUVsByCenter.uasset" 18
"../../../Engine/Content/Functions/Engine_MaterialFunctions02/ScreenResolution.uasset" 19
"../../../Engine/Content/Functions/Engine_MaterialFunctions02/Texturing/ScreenAlignedUVs.uasset" 20
"../../../Engine/Content/Functions/Engine_MaterialFunctions02/Utility/MakeFloat2.uasset" 21
"../../../Engine/Content/Functions/Engine_MaterialFunctions02/Utility/MakeFloat3.uasset" 22
"../../../Engine/Content/EngineMaterials/MiniFont.uasset" 23
"../../../Engine/Content/BufferVisualization/CustomStencil.uasset" 24
"../../../Engine/Content/BufferVisualization/FinalImage.uasset" 25
"../../../Engine/Content/BufferVisualization/LightingModel.uasset" 26
"../../../Engine/Content/BufferVisualization/MaterialAO.uasset" 27
"../../../Engine/Content/BufferVisualization/Metallic.uasset" 28
"../../../Engine/Content/BufferVisualization/Opacity.uasset" 29
"../../../Engine/Content/BufferVisualization/PostTonemapHDRColor.uasset" 30
"../../../Engine/Content/BufferVisualization/PreTonemapHDRColor.uasset" 31
"../../../Engine/Content/BufferVisualization/Roughness.uasset" 32
"../../../Engine/Content/BufferVisualization/SceneColor.uasset" 33
"../../../Engine/Content/BufferVisualization/SceneDepth.uasset" 34
"../../../Engine/Content/BufferVisualization/SceneDepthWorldUnits.uasset" 35
"../../../Engine/Content/BufferVisualization/SeparateTranslucencyA.uasset" 36
"../../../Engine/Content/BufferVisualization/SeparateTranslucencyRGB.uasset" 37
"../../../Engine/Content/BufferVisualization/Specular.uasset" 38
"../../../Engine/Content/BufferVisualization/SubsurfaceColor.uasset" 39
"../../../Engine/Content/BufferVisualization/Velocity.uasset" 40
"../../../Engine/Content/BufferVisualization/WorldNormal.uasset" 41
"../../../Engine/Content/EditorLandscapeResources/DefaultAlphaTexture.uasset" 42
"../../../Engine/Content/EditorLandscapeResources/AlphaBrushMaterial.uasset" 43
"../../../Engine/Content/EditorLandscapeResources/AlphaBrushMaterial_Smooth.uasset" 44
"../../../Engine/Content/EditorLandscapeResources/CircleBrushMaterial.uasset" 45
"../../../Engine/Content/EditorLandscapeResources/CircleBrushMaterial_Linear.uasset" 46
"../../../Engine/Content/EditorLandscapeResources/CircleBrushMaterial_Smooth.uasset" 47
"../../../Engine/Content/EditorLandscapeResources/CircleBrushMaterial_Spherical.uasset" 48
"../../../Engine/Content/EditorLandscapeResources/CircleBrushMaterial_Tip.uasset" 49
"../../../Engine/Content/EditorLandscapeResources/DataLayer.uasset" 50
"../../../Engine/Content/Functions/Engine_MaterialFunctions01/Gradient/RadialGradient.uasset" 51
"../../../Engine/Content/EditorLandscapeResources/FlattenHeightMat.uasset" 52
"../../../Engine/Content/EditorLandscapeResources/FlattenPlaneMesh.uasset" 53
"../../../Engine/Content/Functions/Engine_MaterialFunctions01/ImageAdjustment/BlurSampleOffsets.uasset" 54
"../../../Engine/Content/Functions/Engine_MaterialFunctions02/SampleSceneDepth.uasset" 55
"../../../Engine/Content/Functions/Engine_MaterialFunctions02/Texturing/WorldPositionWithScale.uasset" 56
"../../../Engine/Content/Functions/Engine_MaterialFunctions02/Utility/CameraDirectionVector.uasset" 57
"../../../Engine/Content/Functions/Engine_MaterialFunctions02/Utility/LinearSine.uasset" 58
"../../../Engine/Content/Functions/Engine_MaterialFunctions02/UVs/WorldPositionBehindTranslucency.uasset" 59
"../../../Engine/Content/Functions/Engine_MaterialFunctions02/WorldPositionOffset/ObjectScale.uasset" 60
"../../../Engine/Content/EditorLandscapeResources/FoliageBrushSphereMaterial.uasset" 61
"../../../Engine/Content/EditorLandscapeResources/LandscapeGizmoHeight_Mat.uasset" 62
"../../../Engine/Content/EditorLandscapeResources/LandscapeGizmo_Mat.uasset" 63
"../../../Engine/Content/EditorLandscapeResources/LandscapeGizmo_Mat_Copied.uasset" 64
"../../../Engine/Content/EngineMaterials/DefaultDiffuse.uasset" 65
"../../../Engine/Content/Functions/Engine_MaterialFunctions01/Texturing/TextureCropping.uasset" 66
"../../../Engine/Content/Functions/Engine_MaterialFunctions02/ExampleContent/DebugNumberStrip.uasset" 67
"../../../Engine/Content/Functions/Engine_MaterialFunctions01/Debug/DebugIntValues.uasset" 68
"../../../Engine/Content/Functions/Engine_MaterialFunctions02/WorldPositionOffset/LocalPosition.uasset" 69
"../../../Engine/Content/EditorLandscapeResources/LandscapeLayerUsageMaterial.uasset" 70
"../../../Engine/Content/EditorLandscapeResources/LandscapeThumbnailHeightmap.uasset" 71
"../../../Engine/Content/EditorLandscapeResources/LandscapeThumbnailWeightmap.uasset" 72
"../../../Engine/Content/EditorLandscapeResources/WhiteSquareTexture.uasset" 73
"../../../Engine/Content/EditorLandscapeResources/LayerVisMaterial.uasset" 74
"../../../Engine/Content/EditorLandscapeResources/MaskBrushMaterial.uasset" 75
"../../../Engine/Content/EditorLandscapeResources/MaskBrushMaterial_Gizmo.uasset" 76
"../../../Engine/Content/EditorLandscapeResources/MaskBrushMaterial_MaskedRegion.uasset" 77
"../../../Engine/Content/EditorLandscapeResources/MirrorPlaneMaterial.uasset" 78
"../../../Engine/Content/EditorLandscapeResources/PatternBrushMaterial_Smooth.uasset" 79
"../../../Engine/Content/EditorLandscapeResources/SelectBrushMaterial.uasset" 80
"../../../Engine/Content/EditorLandscapeResources/SelectBrushMaterial_Selected.uasset" 81
"../../../Engine/Content/EditorLandscapeResources/SelectBrushMaterial_SelectedRegion.uasset" 82
"../../../Engine/Content/EditorLandscapeResources/SplineEditorMeshMat.uasset" 83
"../../../Engine/Content/EditorLandscapeResources/SplineEditorMesh.uasset" 84
"../../../Engine/Content/EditorMaterials/Cross.uasset" 85
"../../../Engine/Content/EditorMaterials/Cross_Mat.uasset" 86
"../../../Engine/Content/EditorMaterials/GizmoMaterial.uasset" 87
"../../../Engine/Content/Functions/Engine_MaterialFunctions02/ExampleContent/Textures/flipbook.uasset" 88
"../../../Engine/Content/Functions/Engine_MaterialFunctions02/Texturing/FlipBook.uasset" 89
"../../../Engine/Content/Functions/Engine_MaterialFunctions02/Utility/Sign.uasset" 90
"../../../Engine/Content/Functions/Engine_MaterialFunctions02/Utility/Round.uasset" 91
"../../../Engine/Content/EditorResources/T_EditorHelp.uasset" 92
"../../../Engine/Content/EditorMaterials/HelpActorMaterial.uasset" 93
"../../../Engine/Content/EditorMaterials/CompositeARGBLayer.uasset" 94
"../../../Engine/Content/EditorMaterials/TilingAALineIntegral.uasset" 95
"../../../Engine/Content/EditorMaterials/TilingAALineBoxFiltered.uasset" 96
"../../../Engine/Content/Functions/Engine_MaterialFunctions03/Procedurals/ComputeFilterWidth.uasset" 97
"../../../Engine/Content/EditorMaterials/TilingAADots.uasset" 98
"../../../Engine/Content/EngineMaterials/BlendFunc_DefBase.uasset" 99
"../../../Engine/Content/EngineMaterials/BlendFunc_DefBlend.uasset" 100
"../../../Engine/Content/Functions/Engine_MaterialFunctions03/Blends/Blend_Screen.uasset" 101
"../../../Engine/Content/EditorMaterials/TilingAAGrid.uasset" 102
"../../../Engine/Content/EditorMaterials/LevelGridMaterial.uasset" 103
"../../../Engine/Content/EditorMaterials/MakeCompositeARGBLayer.uasset" 104
"../../../Engine/Content/EditorResources/LevelGrid1DStripes.uasset" 105
"../../../Engine/Content/EditorMaterials/TextureGridCascaded1D.uasset" 106
"../../../Engine/Content/EditorMaterials/TextureGridCascaded2D.uasset" 107
"../../../Engine/Content/EditorMaterials/LevelGridMaterial2.uasset" 108
"../../../Engine/Content/EditorMaterials/MAT_Groups_Toggle.uasset" 109
"../../../Engine/Content/EditorMaterials/PhAT_BoneSelectedMaterial.uasset" 110
"../../../Engine/Content/EditorMaterials/PhAT_ElemSelectedMaterial.uasset" 111
"../../../Engine/Content/EditorMaterials/PhAT_NoCollisionMaterial.uasset" 112
"../../../Engine/Content/EditorMaterials/PhAT_UnselectedMaterial.uasset" 113
"../../../Engine/Content/EditorMaterials/PreviewShadowIndicator.uasset" 114
"../../../Engine/Content/EditorMaterials/PreviewShadowIndicatorMaterial.uasset" 115
"../../../Engine/Content/EditorMaterials/TargetIcon.uasset" 116
"../../../Engine/Content/EditorMaterials/Tick.uasset" 117
"../../../Engine/Content/EditorMaterials/Tick_Mat.uasset" 118
"../../../Engine/Content/EditorMaterials/WidgetGridVertexColorMaterial.uasset" 119
"../../../Engine/Content/EditorMaterials/WidgetGridVertexColorMaterial_Ma.uasset" 120
"../../../Engine/Content/EditorMaterials/WidgetMaterial.uasset" 121
"../../../Engine/Content/EditorMaterials/WidgetMaterial_Current.uasset" 122
"../../../Engine/Content/EditorMaterials/WidgetMaterial_X.uasset" 123
"../../../Engine/Content/EditorMaterials/WidgetMaterial_Y.uasset" 124
"../../../Engine/Content/EditorMaterials/WidgetMaterial_Z.uasset" 125
"../../../Engine/Content/EditorMaterials/WidgetVertexColorMaterial.uasset" 126
"../../../Engine/Content/EditorMaterials/AssetViewer/EpicQuadPanorama_CC+EV1.uasset" 127
"../../../Engine/Content/MapTemplates/Sky/SunsetAmbientCubemap.uasset" 128
"../../../Engine/Content/EditorMaterials/AssetViewer/M_SkyBox.uasset" 129
"../../../Engine/Content/EditorMaterials/MatineeGroups/MAT_ColorTrack.uasset" 130
"../../../Engine/Content/EditorMaterials/MatineeGroups/MAT_Groups_Anim.uasset" 131
"../../../Engine/Content/EditorMaterials/MatineeGroups/MAT_Groups_AudioMaster.uasset" 132
"../../../Engine/Content/EditorMaterials/MatineeGroups/MAT_Groups_Director.uasset" 133
"../../../Engine/Content/EditorMaterials/MatineeGroups/MAT_Groups_Event.uasset" 134
"../../../Engine/Content/EditorMaterials/MatineeGroups/MAT_Groups_Fade.uasset" 135
"../../../Engine/Content/EditorMaterials/MatineeGroups/MAT_Groups_Float.uasset" 136
"../../../Engine/Content/EditorMaterials/MatineeGroups/MAT_Groups_Move.uasset" 137
"../../../Engine/Content/EditorMaterials/MatineeGroups/MAT_Groups_Slomo.uasset" 138
"../../../Engine/Content/EditorMaterials/MatineeGroups/MAT_Groups_Sound.uasset" 139
"../../../Engine/Content/EditorMaterials/MatineeGroups/MAT_Groups_Vector.uasset" 140
"../../../Engine/Content/Functions/Engine_MaterialFunctions01/Shading/ConvertFromDiffSpec.uasset" 141
"../../../Engine/Content/EditorMaterials/MAT_Groups_Visibility.uasset" 142
"../../../Engine/Content/EditorMaterials/MatineeGroups/MAT_Groups_Visibility_Mat.uasset" 143
"../../../Engine/Content/EditorMaterials/ParticleSystems/PSysThumbnail_NoImage.uasset" 144
"../../../Engine/Content/EditorMaterials/ParticleSystems/PSysThumbnail_OOD.uasset" 145
"../../../Engine/Content/EngineMaterials/Grid.uasset" 146
"../../../Engine/Content/EditorMaterials/Thumbnails/FloorPlaneMaterial.uasset" 147
"../../../Engine/Content/EditorMeshes/EditorCube.uasset" 148
"../../../Engine/Content/EditorMeshes/EditorCylinder.uasset" 149
"../../../Engine/Content/EditorMeshes/EditorPlane.uasset" 150
"../../../Engine/Content/EditorMaterials/Thumbnails/SkySphereMaterial.uasset" 151
"../../../Engine/Content/EditorMeshes/EditorSkySphere.uasset" 152
"../../../Engine/Content/EditorMeshes/EditorSphere.uasset" 153
"../../../Engine/Content/EditorResources/MatineeCam_D.uasset" 154
"../../../Engine/Content/EditorMaterials/MatineeCam_mat.uasset" 155
"../../../Engine/Content/EditorMeshes/MatineeCam_SM.uasset" 156
"../../../Engine/Content/EditorMeshes/PlanarReflectionPlane.uasset" 157
"../../../Engine/Content/EditorMaterials/GridMaterial.uasset" 158
"../../../Engine/Content/EditorMeshes/AssetViewer/Floor_Mesh.uasset" 159
"../../../Engine/Content/EditorMeshes/AssetViewer/Sphere_inversenormals.uasset" 160
"../../../Engine/Content/EditorMaterials/Camera/CineMat.uasset" 161
"../../../Engine/Content/EditorMaterials/Camera/MI_CineMat_CameraBody.uasset" 162
"../../../Engine/Content/EngineDebugMaterials/M_SimpleOpaque.uasset" 163
"../../../Engine/Content/EditorMaterials/Camera/MI_CineMat_CamViewFinder.uasset" 164
"../../../Engine/Content/EditorMeshes/Camera/SM_CineCam.uasset" 165
"../../../Engine/Content/EditorMaterials/Camera/MI_CineMat_Rig.uasset" 166
"../../../Engine/Content/EditorMeshes/Camera/SM_CraneRig_Arm.uasset" 167
"../../../Engine/Content/EditorMeshes/Camera/SM_CraneRig_Base.uasset" 168
"../../../Engine/Content/EditorMeshes/Camera/SM_CraneRig_Body.uasset" 169
"../../../Engine/Content/EditorMeshes/Camera/SM_CraneRig_Mount.uasset" 170
"../../../Engine/Content/EditorMeshes/Camera/SM_RailRig_Mount.uasset" 171
"../../../Engine/Content/EditorMeshes/Camera/SM_RailRig_Track.uasset" 172
"../../../Engine/Content/EditorMeshes/ColorCalibrator/M_ChromeBall.uasset" 173
"../../../Engine/Content/EditorResources/Bad.uasset" 174
"../../../Engine/Content/EditorResources/BSPVertex.uasset" 175
"../../../Engine/Content/EditorResources/EmptyActor.uasset" 176
"../../../Engine/Content/EditorResources/MatInstActSprite.uasset" 177
"../../../Engine/Content/EditorResources/SceneManager.uasset" 178
"../../../Engine/Content/EditorResources/SimplygonLogo.uasset" 179
"../../../Engine/Content/EditorResources/SmallFont.uasset" 180
"../../../Engine/Content/EditorResources/S_Actor.uasset" 181
"../../../Engine/Content/EditorResources/S_DecalActorIcon.uasset" 182
"../../../Engine/Content/EditorResources/S_Emitter.uasset" 183
"../../../Engine/Content/EditorResources/S_ExpoHeightFog.uasset" 184
"../../../Engine/Content/EditorResources/S_FTest.uasset" 185
"../../../Engine/Content/EditorResources/S_KBSJoint.uasset" 186
"../../../Engine/Content/EditorResources/S_KHinge.uasset" 187
"../../../Engine/Content/EditorResources/S_KPrismatic.uasset" 188
"../../../Engine/Content/EditorResources/S_LevelSequence.uasset" 189
"../../../Engine/Content/EditorResources/S_NavP.uasset" 190
"../../../Engine/Content/EditorResources/S_Note.uasset" 191
"../../../Engine/Content/EditorResources/S_Player.uasset" 192
"../../../Engine/Content/EditorResources/S_PortalActorIcon2.uasset" 193
"../../../Engine/Content/EditorResources/S_RadForce.uasset" 194
"../../../Engine/Content/EditorResources/S_ReflActorIcon.uasset" 195
"../../../Engine/Content/EditorResources/S_Terrain.uasset" 196
"../../../Engine/Content/EditorResources/S_TextRenderActorIcon.uasset" 197
"../../../Engine/Content/EditorResources/S_Thruster.uasset" 198
"../../../Engine/Content/EditorResources/S_Trigger.uasset" 199
"../../../Engine/Content/EditorResources/S_VectorFieldVol.uasset" 200
"../../../Engine/Content/EditorResources/S_WindDirectional.uasset" 201
"../../../Engine/Content/EditorResources/AI/S_NavLink.uasset" 202
"../../../Engine/Content/EditorResources/LightIcons/SkyLight.uasset" 203
"../../../Engine/Content/EditorResources/LightIcons/S_LightDirectional.uasset" 204
"../../../Engine/Content/EditorResources/LightIcons/S_LightDirectionalMove.uasset" 205
"../../../Engine/Content/EditorResources/LightIcons/S_LightError.uasset" 206
"../../../Engine/Content/EditorResources/LightIcons/S_LightPoint.uasset" 207
"../../../Engine/Content/EditorResources/LightIcons/S_LightPointMove.uasset" 208
"../../../Engine/Content/EditorResources/LightIcons/S_LightSpot.uasset" 209
"../../../Engine/Content/EditorResources/LightIcons/S_LightSpotMove.uasset" 210
"../../../Engine/Content/EditorResources/SequenceRecorder/Countdown.uasset" 211
"../../../Engine/Content/EditorResources/SequenceRecorder/RecordingIndicator.uasset" 212
"../../../Engine/Content/EditorResources/Spline/T_Loft_Spline.uasset" 213
"../../../Engine/Content/EditorSounds/Notifications/CompileFailed.uasset" 214
"../../../Engine/Content/EditorSounds/Notifications/CompileFailed_Cue.uasset" 215
"../../../Engine/Content/EditorSounds/Notifications/CompileSuccess.uasset" 216
"../../../Engine/Content/EditorSounds/Notifications/CompileStart_Cue.uasset" 217
"../../../Engine/Content/EditorSounds/Notifications/CompileSuccess_Cue.uasset" 218
"../../../Engine/Content/EngineDamageTypes/DmgTypeBP_Environmental.uasset" 219
"../../../Engine/Content/EngineDebugMaterials/HeatmapGradient.uasset" 220
"../../../Engine/Content/EngineDebugMaterials/BoneWeightMaterial.uasset" 221
"../../../Engine/Content/EngineDebugMaterials/ClothMaterial.uasset" 222
"../../../Engine/Content/EngineDebugMaterials/ClothMaterial_WF.uasset" 223
"../../../Engine/Content/EngineDebugMaterials/DebugEditorMaterial.uasset" 224
"../../../Engine/Content/EngineDebugMaterials/DebugMeshMaterial.uasset" 225
"../../../Engine/Content/EngineDebugMaterials/GeomMaterial.uasset" 226
"../../../Engine/Content/EngineDebugMaterials/LevelColorationLitMaterial.uasset" 227
"../../../Engine/Content/EngineDebugMaterials/LevelColorationUnlitMaterial.uasset" 228
"../../../Engine/Content/EngineMaterials/DefaultWhiteGrid.uasset" 229
"../../../Engine/Content/EngineDebugMaterials/MAT_LevelColorationLitLightmapUV.uasset" 230
"../../../Engine/Content/EngineDebugMaterials/M_SimpleTranslucent.uasset" 231
"../../../Engine/Content/EngineDebugMaterials/ShadedLevelColorationLitMaterial.uasset" 232
"../../../Engine/Content/EngineDebugMaterials/ShadedLevelColorationUnlitMateri.uasset" 233
"../../../Engine/Content/EngineDebugMaterials/VertexColorMaterial.uasset" 234
"../../../Engine/Content/EngineDebugMaterials/VertexColorViewMode_AlphaAsColor.uasset" 235
"../../../Engine/Content/EngineDebugMaterials/VertexColorViewMode_BlueOnly.uasset" 236
"../../../Engine/Content/EngineDebugMaterials/VertexColorViewMode_ColorOnly.uasset" 237
"../../../Engine/Content/EngineDebugMaterials/VertexColorViewMode_GreenOnly.uasset" 238
"../../../Engine/Content/EngineDebugMaterials/VertexColorViewMode_RedOnly.uasset" 239
"../../../Engine/Content/EngineDebugMaterials/WireframeMaterial.uasset" 240
"../../../Engine/Content/EngineFonts/Faces/RobotoBold.uasset" 241
"../../../Engine/Content/EngineFonts/Faces/RobotoBoldItalic.uasset" 242
"../../../Engine/Content/EngineFonts/Faces/RobotoItalic.uasset" 243
"../../../Engine/Content/EngineFonts/Faces/RobotoLight.uasset" 244
"../../../Engine/Content/EngineFonts/Faces/RobotoRegular.uasset" 245
"../../../Engine/Content/EngineFonts/Roboto.uasset" 246
"../../../Engine/Content/EngineFonts/Faces/RobotoTiny.uasset" 247
"../../../Engine/Content/EngineFonts/RobotoTiny.uasset" 248
"../../../Engine/Content/EngineFonts/SmallFont.uasset" 249
"../../../Engine/Content/EngineFonts/TinyFont.uasset" 250
"../../../Engine/Content/EngineMaterials/BaseFlattenDiffuseMap.uasset" 251
"../../../Engine/Content/EngineMaterials/BaseFlattenEmissiveMap.uasset" 252
"../../../Engine/Content/EngineMaterials/BaseFlattenGrayscaleMap.uasset" 253
"../../../Engine/Content/EngineMaterials/BaseFlattenNormalMap.uasset" 254
"../../../Engine/Content/EngineMaterials/BaseFlattenMaterial.uasset" 255
"../../../Engine/Content/EngineResources/WhiteSquareTexture.uasset" 256
"../../../Engine/Content/EngineMaterials/BlinkingCaret.uasset" 257
"../../../Engine/Content/EngineMaterials/DefaultBloomKernel.uasset" 258
"../../../Engine/Content/EngineMaterials/DefaultBokeh.uasset" 259
"../../../Engine/Content/EngineMaterials/DefaultDeferredDecalMaterial.uasset" 260
"../../../Engine/Content/EngineMaterials/DefaultLightFunctionMaterial.uasset" 261
"../../../Engine/Content/EngineMaterials/DefaultNormal.uasset" 262
"../../../Engine/Content/EngineMaterials/DefaultPostProcessMaterial.uasset" 263
"../../../Engine/Content/EngineFonts/RobotoDistanceField.uasset" 264
"../../../Engine/Content/EngineMaterials/DefaultTextMaterialOpaque.uasset" 265
"../../../Engine/Content/EngineMaterials/EditorBrushMaterial.uasset" 266
"../../../Engine/Content/EngineMaterials/Grid_N.uasset" 267
"../../../Engine/Content/EngineMaterials/HighResolutionScreenshotMaskFunction.uasset" 268
"../../../Engine/Content/EngineMaterials/HighResScreenshot.uasset" 269
"../../../Engine/Content/EngineMaterials/HighResScreenshotCaptureRegion.uasset" 270
"../../../Engine/Content/EngineMaterials/HighResScreenshotMask.uasset" 271
"../../../Engine/Content/EngineMaterials/LandscapeHolePhysicalMaterial.uasset" 272
"../../../Engine/Content/EngineMaterials/InvalidLightmapSettings.uasset" 273
"../../../Engine/Content/EngineMaterials/M_InvalidLightmapSettings.uasset" 274
"../../../Engine/Content/EngineMaterials/PaperDiffuse.uasset" 275
"../../../Engine/Content/EngineMaterials/PaperNormal.uasset" 276
"../../../Engine/Content/Functions/Engine_MaterialFunctions02/WorldPositionOffset/CameraOffset.uasset" 277
"../../../Engine/Content/EngineMaterials/PhAT_JointLimitMaterial.uasset" 278
"../../../Engine/Content/EngineMaterials/PhysMat_Rubber.uasset" 279
"../../../Engine/Content/EngineMaterials/PreintegratedSkinBRDF.uasset" 280
"../../../Engine/Content/EngineMaterials/RemoveSurfaceMaterial.uasset" 281
"../../../Engine/Content/EngineMaterials/WeightMapPlaceholderTexture.uasset" 282
"../../../Engine/Content/EngineMaterials/Widget3DPassThrough.uasset" 283
"../../../Engine/Content/EngineMaterials/Widget3DPassThrough_Masked.uasset" 284
"../../../Engine/Content/EngineMaterials/Widget3DPassThrough_Opaque.uasset" 285
"../../../Engine/Content/EngineMaterials/Widget3DPassThrough_Masked_OneSided.uasset" 286
"../../../Engine/Content/EngineMaterials/Widget3DPassThrough_Opaque_OneSided.uasset" 287
"../../../Engine/Content/EngineMaterials/Widget3DPassThrough_Translucent.uasset" 288
"../../../Engine/Content/EngineMaterials/Widget3DPassThrough_Translucent_OneSided.uasset" 289
"../../../Engine/Content/EngineMeshes/Cube.uasset" 290
"../../../Engine/Content/EngineMeshes/Cylinder.uasset" 291
"../../../Engine/Content/EngineMeshes/Sphere.uasset" 292
"../../../Engine/Content/EngineResources/Black.uasset" 293
"../../../Engine/Content/EngineResources/DefaultTexture.uasset" 294
"../../../Engine/Content/EngineResources/DefaultTextureCube.uasset" 295
"../../../Engine/Content/EngineResources/DefaultVolumeTexture2D.uasset" 296
"../../../Engine/Content/EngineResources/DefaultVolumeTexture.uasset" 297
"../../../Engine/Content/EngineResources/GradientTexture0.uasset" 298
"../../../Engine/Content/EngineResources/StreamingPauseIcon.uasset" 299
"../../../Engine/Content/EngineResources/M_StreamingPause.uasset" 300
"../../../Engine/Content/EngineSounds/Master.uasset" 301
"../../../Engine/Content/Functions/Engine_MaterialFunctions01/Shading/PowerToRoughness.uasset" 302
"../../../Engine/Content/Maps/Templates/Thumbnails/Default.uasset" 303
"../../../Engine/Content/Maps/Templates/Thumbnails/VR-Basic.uasset" 304
"../../../Engine/Content/MobileResources/T_MobileControls_texture.uasset" 305
"../../../Engine/Content/MobileResources/T_MobileMenu2.uasset" 306
"../../../Engine/Content/MobileResources/HUD/AnalogHat.uasset" 307
"../../../Engine/Content/MobileResources/HUD/VirtualJoystick_Background.uasset" 308
"../../../Engine/Content/MobileResources/HUD/VirtualJoystick_Thumb.uasset" 309
"../../../Engine/Content/MobileResources/HUD/DefaultVirtualJoysticks.uasset" 310
"../../../Engine/Content/MobileResources/HUD/LeftVirtualJoystickOnly.uasset" 311
"../../../Engine/Content/MobileResources/HUD/MobileHUDButton1_off.uasset" 312
"../../../Engine/Content/MobileResources/HUD/MobileHUDButton1_on.uasset" 313
"../../../Engine/Content/MobileResources/HUD/MobileHUDButton2_off.uasset" 314
"../../../Engine/Content/MobileResources/HUD/MobileHUDButton2_on.uasset" 315
"../../../Engine/Content/MobileResources/HUD/MobileHUDButton3.uasset" 316
"../../../Engine/Content/MobileResources/HUD/MobileHUDButtonFire.uasset" 317
"../../../Engine/Content/MobileResources/HUD/MobileHUDDirectionPad.uasset" 318
"../../../Engine/Content/MobileResources/HUD/MobileHUDDirectionPad2.uasset" 319
"../../../Engine/Content/MobileResources/HUD/MobileHUDDirectionPad3.uasset" 320
"../../../Engine/Content/MobileResources/HUD/MobileHUDDirectionStick.uasset" 321
"../../../Engine/Content/MobileResources/HUD/T_Castle_ThumbstickInner.uasset" 322
"../../../Engine/Content/MobileResources/HUD/T_Castle_ThumbstickOutter.uasset" 323
"../../../Engine/Content/Tutorial/ContentIntroCurve.uasset" 324
"../../../Engine/Content/Tutorial/Basics/LevelEditorAttract.uasset" 325
"../../../Engine/Content/Tutorial/Basics/TutorialAssets/icon_tab_Levels_40x.uasset" 326
"../../../Engine/Content/Tutorial/Basics/LevelEditorOverview.uasset" 327
"../../../Engine/Content/Tutorial/Foliage/TutorialAssets/Foliage.uasset" 328
"../../../Engine/Content/Tutorial/Foliage/Foliage_Intro_Tutorial.uasset" 329
"../../../Engine/Content/Tutorial/Foliage/Foliage_Settings_Tutorial.uasset" 330
"../../../Engine/Content/Tutorial/Foliage/Foliage_Using_The_Tool_Tutorial.uasset" 331
"../../../Engine/Content/Tutorial/Landscape/TutorialAssets/Landscape.uasset" 332
"../../../Engine/Content/Tutorial/Landscape/LandscapeWalkThrough.uasset" 333
"../../../Engine/Content/Tutorial/Landscape/Landscape_Manage_Mode.uasset" 334
"../../../Engine/Content/EditorBlueprintResources/StandardMacros.uasset" 335
"../../../Engine/Content/Tutorial/Landscape/Landscape_Painting_Mode.uasset" 336
"../../../Engine/Content/Tutorial/Landscape/Landscape_Sculpt_Mode.uasset" 337
"../../../Engine/Content/Tutorial/SubEditors/StaticMeshEditorTutorial.uasset" 338
"../../../Engine/Content/VREditor/Devices/Vive/ViveControllerDiffuse.uasset" 339
"../../../Engine/Content/VREditor/Devices/Vive/ViveControllerMaterial.uasset" 340
"../../../Engine/Content/VREditor/Devices/Vive/ViveControllerMesh.uasset" 341
"../../../Engine/Content/Functions/Engine_MaterialFunctions02/Utility/BreakOutFloat3Components.uasset" 342
"../../../Engine/Content/VREditor/Devices/Vive/T_VivePreController_EM.uasset" 343
"../../../Engine/Content/VREditor/Devices/Vive/VivePreController_MasksA.uasset" 344
"../../../Engine/Content/VREditor/Devices/Vive/VivePreController_MasksB.uasset" 345
"../../../Engine/Content/VREditor/Devices/Vive/VivePreControllerDiffuse.uasset" 346
"../../../Engine/Content/VREditor/Devices/Vive/VivePreControllerSpec.uasset" 347
"../../../Engine/Content/VREditor/LaserPointer/VR_LaserPower_01.uasset" 348
"../../../Engine/Content/VREditor/Devices/Vive/VivePreControllerMaterial.uasset" 349
"../../../Engine/Content/VREditor/Devices/Vive/VivePreControllerMaterial_Inst.uasset" 350
"../../../Engine/Content/VREditor/Devices/Vive/VivePreControllerMesh.uasset" 351
"../../../Engine/Content/VREditor/TransformGizmo/TransformGizmoMaterial.uasset" 352
"../../../Engine/Content/VREditor/TransformGizmo/TranslucentTransformGizmoMaterial.uasset" 353
"../../../Engine/Content/VREditor/TransformGizmo/BoundingBoxCorner.uasset" 354
"../../../Engine/Content/VREditor/TransformGizmo/BoundingBoxEdge.uasset" 355
"../../../Engine/Content/VREditor/TransformGizmo/PlaneTranslationHandle.uasset" 356
"../../../Engine/Content/VREditor/TransformGizmo/Main.uasset" 357
"../../../Engine/Content/VREditor/TransformGizmo/Xray.uasset" 358
"../../../Engine/Content/VREditor/TransformGizmo/SM_Sequencer_Key.uasset" 359
"../../../Engine/Content/VREditor/TransformGizmo/SM_Sequencer_Node.uasset" 360
"../../Plugins/2D/Paper2D/Content/PlaceholderTextures/DummySpriteTexture.uasset" 361
"../../Plugins/2D/Paper2D/Content/DummySprite.uasset" 362
"../../Plugins/2D/Paper2D/Content/DefaultPaperTerrainMaterial.uasset" 363
"../../Plugins/2D/Paper2D/Content/DefaultSpriteMaterial.uasset" 364
"../../Plugins/2D/Paper2D/Content/MaskedUnlitSpriteMaterial.uasset" 365
"../../Plugins/2D/Paper2D/Content/OpaqueUnlitSpriteMaterial.uasset" 366
"../../Plugins/Runtime/Oculus/OculusVR/Content/OculusMR_RenderTarget.uasset" 367
"../../../Engine/Content/Functions/Engine_MaterialFunctions02/Utility/BreakOutFloat4Components.uasset" 368
"../../Plugins/Runtime/Oculus/OculusVR/Content/Materials/OculusMR_ChromaKey.uasset" 369
"../../Plugins/Runtime/Oculus/OculusVR/Content/Materials/OculusMR_ChromaKey_Lit.uasset" 370
"../../Plugins/Runtime/Oculus/OculusVR/Content/Materials/OculusMR_OpaqueColoredMaterial.uasset" 371
"../../Plugins/Runtime/Oculus/OculusVR/Content/Materials/OculusMR_WhiteMaterial.uasset" 372
"../../Plugins/Runtime/Oculus/OculusVR/Content/Materials/PokeAHoleMaterial.uasset" 373
"../../Plugins/Runtime/Oculus/OculusVR/Content/Textures/GearVRController_AO.uasset" 374
"../../Plugins/Runtime/Oculus/OculusVR/Content/Textures/GearVRController_Color.uasset" 375
"../../Plugins/Runtime/Oculus/OculusVR/Content/Textures/GearVRController_Normal.uasset" 376
"../../Plugins/Runtime/Oculus/OculusVR/Content/Materials/GearVRControllerMaterial.uasset" 377
"../../Plugins/Runtime/Oculus/OculusVR/Content/Meshes/GearVrController.uasset" 378
"../../Plugins/Runtime/Oculus/OculusVR/Content/Textures/touchController_albedo.uasset" 379
"../../Plugins/Runtime/Oculus/OculusVR/Content/Textures/touchController_controlmap.uasset" 380
"../../Plugins/Runtime/Oculus/OculusVR/Content/Materials/touchController_mat.uasset" 381
"../../Plugins/Runtime/Oculus/OculusVR/Content/Meshes/LeftTouchController.uasset" 382
"../../Plugins/Runtime/Oculus/OculusVR/Content/Meshes/RiftHMD.uasset" 383
"../../Plugins/Runtime/Oculus/OculusVR/Content/Meshes/RightTouchController.uasset" 384
"../../../Engine/Content/Maps/Entry_BuiltData.uasset" 385
"../../../Engine/Content/Maps/Entry.umap" 386
"../../../Engine/Content/EngineSky/C_Sky_Cloud_Color.uasset" 387
"../../../Engine/Content/EngineSky/C_Sky_Horizon_Color.uasset" 388
"../../../Engine/Content/EngineSky/C_Sky_Zenith_Color.uasset" 389
"../../../Engine/Content/EngineSky/T_Sky_Blue.uasset" 390
"../../../Engine/Content/EngineSky/T_Sky_Clouds_M.uasset" 391
"../../../Engine/Content/EngineSky/T_Sky_Stars.uasset" 392
"../../../Engine/Content/EngineSky/M_Sky_Panning_Clouds2.uasset" 393
"../../../Engine/Content/EngineSky/SM_SkySphere.uasset" 394
"../../../Engine/Content/EngineSky/BP_Sky_Sphere.uasset" 395
"../../../../../../Users/Roman/Documents/Unreal Projects/BullCowGame-starter-kit/Content/ConsolasFont.uasset" 396
"../../../Engine/Content/Functions/Engine_MaterialFunctions02/Texturing/WorldPosition.uasset" 397
"../../../Engine/Content/Functions/Engine_MaterialFunctions03/Particles/Distance_Blend.uasset" 398
"../../../../../../Users/Roman/Documents/Unreal Projects/BullCowGame-starter-kit/Content/Environment/Textures/T_Wood_Sheet.uasset" 399
"../../../../../../Users/Roman/Documents/Unreal Projects/BullCowGame-starter-kit/Content/Environment/Materials/M_Wood_Sheet_Master.uasset" 400
"../../../../../../Users/Roman/Documents/Unreal Projects/BullCowGame-starter-kit/Content/Environment/Materials/MI_Wood_SignPost.uasset" 401
"../../../Engine/Content/BasicShapes/Cube.uasset" 402
"../../../../../../Users/Roman/Documents/Unreal Projects/BullCowGame-starter-kit/Content/Terminal.uasset" 403
"../../../../../../Users/Roman/Documents/Unreal Projects/BullCowGame-starter-kit/Content/Environment/Materials/Beach_LayerInfo.uasset" 404
"../../../../../../Users/Roman/Documents/Unreal Projects/BullCowGame-starter-kit/Content/Environment/Materials/Grass_LayerInfo.uasset" 405
"../../../../../../Users/Roman/Documents/Unreal Projects/BullCowGame-starter-kit/Content/Environment/Materials/Path_LayerInfo.uasset" 406
"../../../../../../Users/Roman/Documents/Unreal Projects/BullCowGame-starter-kit/Content/Levels/Level1_BuiltData.uasset" 407
"../../../Engine/Content/Functions/Engine_MaterialFunctions01/AlphaBlend/WorldAlignedBlend.uasset" 408
"../../../Engine/Content/Functions/Engine_MaterialFunctions01/AlphaBlend/World_Aligned_Blend.uasset" 409
"../../../Engine/Content/Functions/Engine_MaterialFunctions02/Fresnel_Function.uasset" 410
"../../../Engine/Content/Functions/Engine_MaterialFunctions02/Fresnel.uasset" 411
"../../../../../../Users/Roman/Documents/Unreal Projects/BullCowGame-starter-kit/Content/Environment/Textures/T_BrushStrokes_A.uasset" 412
"../../../../../../Users/Roman/Documents/Unreal Projects/BullCowGame-starter-kit/Content/Environment/Textures/T_BrushStrokes_B.uasset" 413
"../../../../../../Users/Roman/Documents/Unreal Projects/BullCowGame-starter-kit/Content/Environment/Textures/T_Bumpy_N.uasset" 414
"../../../../../../Users/Roman/Documents/Unreal Projects/BullCowGame-starter-kit/Content/Environment/Textures/T_Rock_Cliff_D.uasset" 415
"../../../../../../Users/Roman/Documents/Unreal Projects/BullCowGame-starter-kit/Content/Environment/Textures/T_ShapeNormal.uasset" 416
"../../../../../../Users/Roman/Documents/Unreal Projects/BullCowGame-starter-kit/Content/Environment/Textures/T_Splotches_A.uasset" 417
"../../../../../../Users/Roman/Documents/Unreal Projects/BullCowGame-starter-kit/Content/Environment/Materials/M_Terrain_Ground_A.uasset" 418
"../../../../../../Users/Roman/Documents/Unreal Projects/BullCowGame-starter-kit/Content/Environment/Materials/M_Terrain_Ground_A_Inst.uasset" 419
"../../../../../../Users/Roman/Documents/Unreal Projects/BullCowGame-starter-kit/Content/Environment/UnrealCow/Textures/T_Toy_Cow_M.uasset" 420
"../../../../../../Users/Roman/Documents/Unreal Projects/BullCowGame-starter-kit/Content/Environment/UnrealCow/Textures/T_Toy_Cow_N.uasset" 421
"../../../../../../Users/Roman/Documents/Unreal Projects/BullCowGame-starter-kit/Content/Environment/UnrealCow/Materials/M_Cow.uasset" 422
"../../../../../../Users/Roman/Documents/Unreal Projects/BullCowGame-starter-kit/Content/Environment/UnrealCow/Materials/MI_Cow.uasset" 423
"../../../Engine/Content/MapTemplates/Sky/DaylightAmbientCubemap.uasset" 424
"../../../../../../Users/Roman/Documents/Unreal Projects/BullCowGame-starter-kit/Content/Environment/Meshes/SM_Dock_Floor.uasset" 425
"../../../../../../Users/Roman/Documents/Unreal Projects/BullCowGame-starter-kit/Content/Environment/Materials/M_Wood_Sheet_Pillar_Inst.uasset" 426
"../../../../../../Users/Roman/Documents/Unreal Projects/BullCowGame-starter-kit/Content/Environment/Materials/M_Wood_Sheet_Rings_Inst.uasset" 427
"../../../../../../Users/Roman/Documents/Unreal Projects/BullCowGame-starter-kit/Content/Environment/Meshes/SM_Dock_Pillar.uasset" 428
"../../../../../../Users/Roman/Documents/Unreal Projects/BullCowGame-starter-kit/Content/Environment/Textures/T_Grass_A.uasset" 429
"../../../../../../Users/Roman/Documents/Unreal Projects/BullCowGame-starter-kit/Content/Environment/Materials/M_Grass_Masked.uasset" 430
"../../../../../../Users/Roman/Documents/Unreal Projects/BullCowGame-starter-kit/Content/Environment/Materials/M_Grass_Masked_C_Inst.uasset" 431
"../../../../../../Users/Roman/Documents/Unreal Projects/BullCowGame-starter-kit/Content/Environment/Meshes/SM_Grass_04.uasset" 432
"../../../../../../Users/Roman/Documents/Unreal Projects/BullCowGame-starter-kit/Content/Environment/Materials/M_Grass_Masked_E_Inst.uasset" 433
"../../../../../../Users/Roman/Documents/Unreal Projects/BullCowGame-starter-kit/Content/Environment/Meshes/SM_Grass_05.uasset" 434
"../../../../../../Users/Roman/Documents/Unreal Projects/BullCowGame-starter-kit/Content/Environment/Materials/M_Stone_Path.uasset" 435
"../../../../../../Users/Roman/Documents/Unreal Projects/BullCowGame-starter-kit/Content/Environment/Materials/M_Stone_Path_Inst.uasset" 436
"../../../../../../Users/Roman/Documents/Unreal Projects/BullCowGame-starter-kit/Content/Environment/Meshes/SM_Stone_Path_B.uasset" 437
"../../../../../../Users/Roman/Documents/Unreal Projects/BullCowGame-starter-kit/Content/Environment/Materials/M_Tree_Background.uasset" 438
"../../../../../../Users/Roman/Documents/Unreal Projects/BullCowGame-starter-kit/Content/Environment/Materials/M_Tree_Background_Inst.uasset" 439
"../../../../../../Users/Roman/Documents/Unreal Projects/BullCowGame-starter-kit/Content/Environment/Materials/M_Tree_Bark_A.uasset" 440
"../../../../../../Users/Roman/Documents/Unreal Projects/BullCowGame-starter-kit/Content/Environment/Materials/M_Tree_Bark_A_Inst.uasset" 441
"../../../../../../Users/Roman/Documents/Unreal Projects/BullCowGame-starter-kit/Content/Environment/Meshes/SM_Tree_Cluster_A.uasset" 442
"../../../../../../Users/Roman/Documents/Unreal Projects/BullCowGame-starter-kit/Content/Environment/Materials/M_Tree_Type_B_Bark.uasset" 443
"../../../../../../Users/Roman/Documents/Unreal Projects/BullCowGame-starter-kit/Content/Environment/Materials/M_Tree_Type_B_Bark_Inst.uasset" 444
"../../../../../../Users/Roman/Documents/Unreal Projects/BullCowGame-starter-kit/Content/Environment/Meshes/SM_Tree_Type_B.uasset" 445
"../../../Engine/Content/Functions/Engine_MaterialFunctions02/Texturing/ScreenAlignedPixelToPixelUVs.uasset" 446
"../../../Engine/Content/EngineMaterials/Good64x64TilingNoiseHighFreq.uasset" 447
"../../../Engine/Content/Functions/Engine_MaterialFunctions02/Utility/DitherTemporalAA.uasset" 448
"../../../../../../Users/Roman/Documents/Unreal Projects/BullCowGame-starter-kit/Content/Environment/Materials/M_Tree_Leaf_Base.uasset" 449
"../../../../../../Users/Roman/Documents/Unreal Projects/BullCowGame-starter-kit/Content/Environment/Materials/M_Tree_Leaf_Base_Inst.uasset" 450
"../../../../../../Users/Roman/Documents/Unreal Projects/BullCowGame-starter-kit/Content/Environment/Materials/M_Tree_Leaf_Base_Solid.uasset" 451
"../../../../../../Users/Roman/Documents/Unreal Projects/BullCowGame-starter-kit/Content/Environment/Materials/M_Tree_Leaf_Base_Solid_Inst.uasset" 452
"../../../../../../Users/Roman/Documents/Unreal Projects/BullCowGame-starter-kit/Content/Environment/Meshes/SM_Tree_Type_B_Leaves.uasset" 453
"../../../../../../Users/Roman/Documents/Unreal Projects/BullCowGame-starter-kit/Content/Environment/Materials/M_Wood_Sheet_Fence_Inst.uasset" 454
"../../../../../../Users/Roman/Documents/Unreal Projects/BullCowGame-starter-kit/Content/Environment/Meshes/SM_Wood_Fence.uasset" 455
"../../../../../../Users/Roman/Documents/Unreal Projects/BullCowGame-starter-kit/Content/Environment/UnrealCow/Meshes/SM_Toy_Cow.uasset" 456
"../../../../../../Users/Roman/Documents/Unreal Projects/BullCowGame-starter-kit/Content/Levels/Level1.umap" 457
